app/build/outputs/logs/manifest-merger-debug-report.txt
-- Merging decision tree log ---
manifest
ADDED from src\main\AndroidManifest.xml:1:2-64:12
	package
		ADDED from src\main\AndroidManifest.xml:2:5-30
		INJECTED from src\main\AndroidManifest.xml
		INJECTED from src\main\AndroidManifest.xml
	android:versionName
		ADDED from src\main\AndroidManifest.xml:4:5-30
		INJECTED from src\main\AndroidManifest.xml
		INJECTED from src\main\AndroidManifest.xml
	xmlns:tools
		ADDED from src\main\AndroidManifest.xml:4:31-77
	android:versionCode
		ADDED from src\main\AndroidManifest.xml:3:5-28
		INJECTED from src\main\AndroidManifest.xml
		INJECTED from src\main\AndroidManifest.xml
	xmlns:android
		ADDED from src\main\AndroidManifest.xml:1:12-70
uses-sdk
ADDED from src\main\AndroidManifest.xml:7:5-9:41
	android:targetSdkVersion
		ADDED from src\main\AndroidManifest.xml:9:9-38
		INJECTED from src\main\AndroidManifest.xml
		INJECTED from src\main\AndroidManifest.xml
	android:minSdkVersion
		ADDED from src\main\AndroidManifest.xml:8:9-35
		INJECTED from src\main\AndroidManifest.xml
		INJECTED from src\main\AndroidManifest.xml
uses-permission#android.permission.NFC
ADDED from src\main\AndroidManifest.xml:11:5-62
	android:name
		ADDED from src\main\AndroidManifest.xml:11:22-59
uses-permission#android.permission.VIBRATE
ADDED from src\main\AndroidManifest.xml:13:5-66
	android:name
		ADDED from src\main\AndroidManifest.xml:13:22-63
uses-permission#android.permission.WRITE_EXTERNAL_STORAGE
ADDED from src\main\AndroidManifest.xml:14:5-81
	android:name
		ADDED from src\main\AndroidManifest.xml:14:22-78
uses-feature#android.hardware.nfc
ADDED from src\main\AndroidManifest.xml:16:5-18:35
	android:required
		ADDED from src\main\AndroidManifest.xml:18:9-32
	android:name
		ADDED from src\main\AndroidManifest.xml:17:9-44
application
ADDED from src\main\AndroidManifest.xml:20:5-62:21
	android:label
		ADDED from src\main\AndroidManifest.xml:22:9-41
	android:allowBackup
		ADDED from src\main\AndroidManifest.xml:23:9-35
	android:icon
		ADDED from src\main\AndroidManifest.xml:21:9-45
	android:theme
		ADDED from src\main\AndroidManifest.xml:24:9-50
uses-library#com.android.nfc_extras
ADDED from src\main\AndroidManifest.xml:26:9-28:35
	android:required
		ADDED from src\main\AndroidManifest.xml:28:9-32
	android:name
		ADDED from src\main\AndroidManifest.xml:27:9-46
activity#com.gsbabil.nfc.MainActivity
ADDED from src\main\AndroidManifest.xml:30:9-47:20
	android:label
		ADDED from src\main\AndroidManifest.xml:32:13-56
	android:name
		ADDED from src\main\AndroidManifest.xml:31:13-41
intent-filter#android.intent.action.MAIN+android.intent.category.LAUNCHER
ADDED from src\main\AndroidManifest.xml:34:13-37:29
action#android.intent.action.MAIN
ADDED from src\main\AndroidManifest.xml:35:17-69
	android:name
		ADDED from src\main\AndroidManifest.xml:35:25-66
category#android.intent.category.LAUNCHER
ADDED from src\main\AndroidManifest.xml:36:17-77
	android:name
		ADDED from src\main\AndroidManifest.xml:36:27-74
intent-filter#android.intent.category.DEFAULT+android.nfc.action.TECH_DISCOVERED
ADDED from src\main\AndroidManifest.xml:39:13-45:29
action#android.nfc.action.TECH_DISCOVERED
ADDED from src\main\AndroidManifest.xml:40:17-77
	android:name
		ADDED from src\main\AndroidManifest.xml:40:25-74
category#android.intent.category.DEFAULT
ADDED from src\main\AndroidManifest.xml:41:17-76
	android:name
		ADDED from src\main\AndroidManifest.xml:41:27-73
meta-data#android.nfc.action.TECH_DISCOVERED
ADDED from src\main\AndroidManifest.xml:42:17-44:63
	android:resource
		ADDED from src\main\AndroidManifest.xml:44:21-60
	android:name
		ADDED from src\main\AndroidManifest.xml:43:21-70
receiver#com.gsbabil.nfc.SEReceiver
ADDED from src\main\AndroidManifest.xml:49:9-60:20
	tools:ignore
		ADDED from src\main\AndroidManifest.xml:49:61-92
	android:name
		ADDED from src\main\AndroidManifest.xml:49:19-60
intent-filter#android.intent.action.MASTER_CLEAR_NOTIFICATION+com.android.nfc.action.INTERNAL_TARGET_DESELECTED+com.android.nfc_extras.action.AID_SELECTED+com.android.nfc_extras.action.APDU_RECEIVED+com.android.nfc_extras.action.EMV_CARD_REMOVAL+com.android.nfc_extras.action.MIFARE_ACCESS_DETECTED+com.android.nfc_extras.action.RF_FIELD_OFF_DETECTED+com.android.nfc_extras.action.RF_FIELD_ON_DETECTED
ADDED from src\main\AndroidManifest.xml:50:13-59:29
action#com.android.nfc_extras.action.AID_SELECTED
ADDED from src\main\AndroidManifest.xml:51:17-85
	android:name
		ADDED from src\main\AndroidManifest.xml:51:25-82
action#com.android.nfc_extras.action.APDU_RECEIVED
ADDED from src\main\AndroidManifest.xml:52:17-86
	android:name
		ADDED from src\main\AndroidManifest.xml:52:25-83
action#com.android.nfc_extras.action.MIFARE_ACCESS_DETECTED
ADDED from src\main\AndroidManifest.xml:53:17-95
	android:name
		ADDED from src\main\AndroidManifest.xml:53:25-92
action#android.intent.action.MASTER_CLEAR_NOTIFICATION
ADDED from src\main\AndroidManifest.xml:54:17-90
	android:name
		ADDED from src\main\AndroidManifest.xml:54:25-87
action#com.android.nfc_extras.action.RF_FIELD_ON_DETECTED
ADDED from src\main\AndroidManifest.xml:55:17-93
	android:name
		ADDED from src\main\AndroidManifest.xml:55:25-90
action#com.android.nfc_extras.action.RF_FIELD_OFF_DETECTED
ADDED from src\main\AndroidManifest.xml:56:17-94
	android:name
		ADDED from src\main\AndroidManifest.xml:56:25-91
action#com.android.nfc_extras.action.EMV_CARD_REMOVAL
ADDED from src\main\AndroidManifest.xml:57:17-89
	android:name
		ADDED from src\main\AndroidManifest.xml:57:25-86
action#com.android.nfc.action.INTERNAL_TARGET_DESELECTED
ADDED from src\main\AndroidManifest.xml:58:17-92
	android:name
		ADDED from src\main\AndroidManifest.xml:58:25-89